#
# There is insufficient memory for the Java Runtime Environment to continue.
# Native memory allocation (mmap) failed to map 67108864 bytes for G1 virtual space
# Possible reasons:
#   The system is out of physical RAM or swap space
#   The process is running with CompressedOops enabled, and the Java Heap may be blocking the growth of the native heap
# Possible solutions:
#   Reduce memory load on the system
#   Increase physical memory or swap space
#   Check if swap backing store is full
#   Decrease Java heap size (-Xmx/-Xms)
#   Decrease number of Java threads
#   Decrease Java thread stack sizes (-Xss)
#   Set larger code cache with -XX:ReservedCodeCacheSize=
#   JVM is running with Unscaled Compressed Oops mode in which the Java heap is
#     placed in the first 4GB address space. The Java Heap base address is the
#     maximum limit for the native heap growth. Please use -XX:HeapBaseMinAddress
#     to set the Java Heap base and to place the Java Heap above 4GB virtual address.
# This output file may be truncated or incomplete.
#
#  Out of Memory Error (os_windows.cpp:3550), pid=11688, tid=1140
#
# JRE version:  (17.0.6+9) (build )
# Java VM: Java HotSpot(TM) 64-Bit Server VM (17.0.6+9-LTS-190, mixed mode, sharing, tiered, compressed oops, compressed class ptrs, g1 gc, windows-amd64)
# No core dump will be written. Minidumps are not enabled by default on client versions of Windows
#

---------------  S U M M A R Y ------------

Command Line: -Xmx64m -Xms64m -Dorg.gradle.appname=gradlew org.gradle.wrapper.GradleWrapperMain app:installDebug -PreactNativeDevServerPort=8081

Host: Intel(R) Core(TM) i5-4300U CPU @ 1.90GHz, 4 cores, 7G,  Windows 10 , 64 bit Build 19041 (10.0.19041.2546)
Time: Sat Feb  4 16:59:46 2023 India Standard Time elapsed time: 0.053441 seconds (0d 0h 0m 0s)

---------------  T H R E A D  ---------------

Current thread (0x00000208abaa7ea0):  JavaThread "Unknown thread" [_thread_in_vm, id=1140, stack(0x000000efe4000000,0x000000efe4100000)]

Stack: [0x000000efe4000000,0x000000efe4100000]
Native frames: (J=compiled Java code, j=interpreted, Vv=VM code, C=native code)
V  [jvm.dll+0x6734ea]
V  [jvm.dll+0x7d18f4]
V  [jvm.dll+0x7d309e]
V  [jvm.dll+0x7d3703]
V  [jvm.dll+0x2433c5]
V  [jvm.dll+0x6703f9]
V  [jvm.dll+0x664d32]
V  [jvm.dll+0x300086]
V  [jvm.dll+0x307606]
V  [jvm.dll+0x356c1e]
V  [jvm.dll+0x356e4f]
V  [jvm.dll+0x2d72e8]
V  [jvm.dll+0x2d8254]
V  [jvm.dll+0x7a33b1]
V  [jvm.dll+0x3647f1]
V  [jvm.dll+0x782839]
V  [jvm.dll+0x3e757f]
V  [jvm.dll+0x3e9001]
C  [jli.dll+0x5297]
C  [ucrtbase.dll+0x21bb2]
C  [KERNEL32.DLL+0x17614]
C  [ntdll.dll+0x526a1]


---------------  P R O C E S S  ---------------

Threads class SMR info:
_java_thread_list=0x00007ffd22a7e958, length=0, elements={
}

Java Threads: ( => current thread )

Other Threads:
  0x00000208abac78e0 GCTaskThread "GC Thread#0" [stack: 0x000000efe4100000,0x000000efe4200000] [id=7372]
  0x00000208abac9020 ConcurrentGCThread "G1 Main Marker" [stack: 0x000000efe4200000,0x000000efe4300000] [id=7960]
  0x00000208abac9a30 ConcurrentGCThread "G1 Conc#0" [stack: 0x000000efe4300000,0x000000efe4400000] [id=13808]

[error occurred during error reporting (printing all threads), id 0xc0000005, EXCEPTION_ACCESS_VIOLATION (0xc0000005) at pc=0x00007ffd222b7f07]

VM state: not at safepoint (not fully initialized)

VM Mutex/Monitor currently owned by a thread:  ([mutex/lock_event])
[0x00000208a991bc30] Heap_lock - owner thread: 0x00000208abaa7ea0

Heap address: 0x00000000fc000000, size: 64 MB, Compressed Oops mode: 32-bit

CDS archive(s) mapped at: [0x0000000000000000-0x0000000000000000-0x0000000000000000), size 0, SharedBaseAddress: 0x0000000800000000, ArchiveRelocationMode: 0.
Narrow klass base: 0x0000000000000000, Narrow klass shift: 0, Narrow klass range: 0x0

GC Precious Log:
<Empty>

Heap:
 garbage-first heap   total 0K, used 0K [0x00000000fc000000, 0x0000000100000000)
  region size 1024K, 0 young (0K), 0 survivors (0K)

[error occurred during error reporting (printing heap information), id 0xc0000005, EXCEPTION_ACCESS_VIOLATION (0xc0000005) at pc=0x00007ffd2269c759]

GC Heap History (0 events):
No events

Deoptimization events (0 events):
No events

Classes unloaded (0 events):
No events

Classes redefined (0 events):
No events

Internal exceptions (0 events):
No events

VM Operations (0 events):
No events

Events (1 events):
Event: 0.024 Loaded shared library C:\Program Files\Java\jdk-17\bin\java.dll


Dynamic libraries:
0x00007ff7152f0000 - 0x00007ff715300000 	C:\Program Files\Java\jdk-17\bin\java.exe
0x00007ffd67890000 - 0x00007ffd67a88000 	C:\Windows\SYSTEM32\ntdll.dll
0x00007ffd658d0000 - 0x00007ffd6598f000 	C:\Windows\System32\KERNEL32.DLL
0x00007ffd652a0000 - 0x00007ffd65572000 	C:\Windows\System32\KERNELBASE.dll
0x00007ffd65020000 - 0x00007ffd65120000 	C:\Windows\System32\ucrtbase.dll
0x00007ffd5b6e0000 - 0x00007ffd5b6fb000 	C:\Program Files\Java\jdk-17\bin\VCRUNTIME140.dll
0x00007ffd5b6c0000 - 0x00007ffd5b6d8000 	C:\Program Files\Java\jdk-17\bin\jli.dll
0x00007ffd66540000 - 0x00007ffd665ee000 	C:\Windows\System32\ADVAPI32.dll
0x00007ffd66490000 - 0x00007ffd6652e000 	C:\Windows\System32\msvcrt.dll
0x00007ffd65a80000 - 0x00007ffd65b1c000 	C:\Windows\System32\sechost.dll
0x00007ffd65f10000 - 0x00007ffd66035000 	C:\Windows\System32\RPCRT4.dll
0x00007ffd65b90000 - 0x00007ffd65d31000 	C:\Windows\System32\USER32.dll
0x00007ffd65200000 - 0x00007ffd65222000 	C:\Windows\System32\win32u.dll
0x00007ffd67020000 - 0x00007ffd6704b000 	C:\Windows\System32\GDI32.dll
0x00007ffd65580000 - 0x00007ffd6568f000 	C:\Windows\System32\gdi32full.dll
0x00007ffd64f80000 - 0x00007ffd6501d000 	C:\Windows\System32\msvcp_win.dll
0x00007ffd5cb10000 - 0x00007ffd5cdaa000 	C:\Windows\WinSxS\amd64_microsoft.windows.common-controls_6595b64144ccf1df_6.0.19041.1110_none_60b5254171f9507e\COMCTL32.dll
0x00007ffd5b9b0000 - 0x00007ffd5b9ba000 	C:\Windows\SYSTEM32\VERSION.dll
0x00007ffd67050000 - 0x00007ffd67082000 	C:\Windows\System32\IMM32.DLL
0x00007ffd60e60000 - 0x00007ffd60e6c000 	C:\Program Files\Java\jdk-17\bin\vcruntime140_1.dll
0x00007ffd5b630000 - 0x00007ffd5b6be000 	C:\Program Files\Java\jdk-17\bin\msvcp140.dll
0x00007ffd21fd0000 - 0x00007ffd22ba7000 	C:\Program Files\Java\jdk-17\bin\server\jvm.dll
0x00007ffd66040000 - 0x00007ffd66048000 	C:\Windows\System32\PSAPI.DLL
0x00007ffd60e20000 - 0x00007ffd60e29000 	C:\Windows\SYSTEM32\WSOCK32.dll
0x00007ffd65b20000 - 0x00007ffd65b8b000 	C:\Windows\System32\WS2_32.dll
0x00007ffd5f4d0000 - 0x00007ffd5f4f7000 	C:\Windows\SYSTEM32\WINMM.dll
0x00007ffd62e40000 - 0x00007ffd62e52000 	C:\Windows\SYSTEM32\kernel.appcore.dll
0x00007ffd5dce0000 - 0x00007ffd5dcea000 	C:\Program Files\Java\jdk-17\bin\jimage.dll
0x00007ffd534c0000 - 0x00007ffd536a4000 	C:\Windows\SYSTEM32\DBGHELP.DLL
0x00007ffd53480000 - 0x00007ffd534b5000 	C:\Windows\SYSTEM32\dbgcore.DLL
0x00007ffd65170000 - 0x00007ffd651f2000 	C:\Windows\System32\bcryptPrimitives.dll
0x00007ffd4ccf0000 - 0x00007ffd4cd15000 	C:\Program Files\Java\jdk-17\bin\java.dll

dbghelp: loaded successfully - version: 4.0.5 - missing functions: none
symbol engine: initialized successfully - sym options: 0x614 - pdb path: .;C:\Program Files\Java\jdk-17\bin;C:\Windows\SYSTEM32;C:\Windows\WinSxS\amd64_microsoft.windows.common-controls_6595b64144ccf1df_6.0.19041.1110_none_60b5254171f9507e;C:\Program Files\Java\jdk-17\bin\server

VM Arguments:
jvm_args: -Xmx64m -Xms64m -Dorg.gradle.appname=gradlew 
java_command: org.gradle.wrapper.GradleWrapperMain app:installDebug -PreactNativeDevServerPort=8081
java_class_path (initial): C:\Projects\ReactNative\Ludo\android\\gradle\wrapper\gradle-wrapper.jar
Launcher Type: SUN_STANDARD

[Global flags]
     intx CICompilerCount                          = 3                                         {product} {ergonomic}
     uint ConcGCThreads                            = 1                                         {product} {ergonomic}
     uint G1ConcRefinementThreads                  = 4                                         {product} {ergonomic}
   size_t G1HeapRegionSize                         = 1048576                                   {product} {ergonomic}
    uintx GCDrainStackTargetSize                   = 64                                        {product} {ergonomic}
   size_t InitialHeapSize                          = 67108864                                  {product} {command line}
   size_t MarkStackSize                            = 4194304                                   {product} {ergonomic}
   size_t MaxHeapSize                              = 67108864                                  {product} {command line}
   size_t MinHeapDeltaBytes                        = 1048576                                   {product} {ergonomic}
   size_t MinHeapSize                              = 67108864                                  {product} {command line}
    uintx NonNMethodCodeHeapSize                   = 5832780                                {pd product} {ergonomic}
    uintx NonProfiledCodeHeapSize                  = 122912730                              {pd product} {ergonomic}
    uintx ProfiledCodeHeapSize                     = 122912730                              {pd product} {ergonomic}
    uintx ReservedCodeCacheSize                    = 251658240                              {pd product} {ergonomic}
     bool SegmentedCodeCache                       = true                                      {product} {ergonomic}
   size_t SoftMaxHeapSize                          = 67108864                               {manageable} {ergonomic}
     bool UseCompressedClassPointers               = true                           {product lp64_product} {ergonomic}
     bool UseCompressedOops                        = true                           {product lp64_product} {ergonomic}
     bool UseG1GC                                  = true                                      {product} {ergonomic}
     bool UseLargePagesIndividualAllocation        = false                                  {pd product} {ergonomic}

Logging:
Log output configuration:
 #0: stdout all=warning uptime,level,tags
 #1: stderr all=off uptime,level,tags

Environment Variables:
JAVA_HOME=C:\Program Files\Java\jdk-17
CLASSPATH=C:\Projects\ReactNative\Ludo\android\\gradle\wrapper\gradle-wrapper.jar
PATH=C:\Projects\ReactNative\Ludo\android\node_modules\.bin;C:\Projects\ReactNative\Ludo\node_modules\.bin;C:\Projects\ReactNative\node_modules\.bin;C:\Projects\node_modules\.bin;C:\node_modules\.bin;C:\Program Files\nodejs;C:\Users\Gursahb\AppData\Local\Temp\yarn--1675510179658-0.9383418687742664;C:\Projects\ReactNative\Ludo\node_modules\.bin;C:\Users\Gursahb\AppData\Local\Yarn\Data\link\node_modules\.bin;C:\Users\Gursahb\AppData\Local\Yarn\bin;C:\Program Files\libexec\lib\node_modules\npm\bin\node-gyp-bin;C:\Program Files\lib\node_modules\npm\bin\node-gyp-bin;C:\Program Files\nodejs\node_modules\npm\bin\node-gyp-bin;C:\Users\Gursahb\bin;C:\Program Files\Git\mingw64\bin;C:\Program Files\Git\usr\local\bin;C:\Program Files\Git\usr\bin;C:\Program Files\Git\usr\bin;C:\Program Files\Git\mingw64\bin;C:\Program Files\Git\usr\bin;C:\Users\Gursahb\bin;C:\Program Files (x86)\NVIDIA Corporation\PhysX\Common;C:\Program Files\Common Files\Oracle\Java\javapath;C:\Windows\system32;C:\Windows;C:\Windows\System32\Wbem;C:\Windows\System32\WindowsPowerShell\v1.0;C:\Windows\System32\OpenSSH;C:\Program Files\nodejs;C:\Program Files\Git\cmd;C:\ProgramData\ComposerSetup\bin;C:\Users\Gursahb\AppData\Local\Microsoft\WindowsApps;C:\Users\Gursahb\AppData\Roaming\npm;C:\Users\Gursahb\AppData\Local\Programs\Microsoft VS Code\bin;C:\Program Files\Java\jdk-17\bin;C:\Users\Gursahb\AppData\Local\Android\Sdk\platform-tools;C:\wamp64\bin\php\php7.4.33;C:\Users\Gursahb\AppData\Roaming\Composer\vendor\bin;C:\Program Files\Git\usr\bin\vendor_perl;C:\Program Files\Git\usr\bin\core_perl
USERNAME=Gursahb
SHELL=C:\Program Files\Git\usr\bin\bash.exe
DISPLAY=needs-to-be-defined
LANG=en_GB.UTF-8
OS=Windows_NT
PROCESSOR_IDENTIFIER=Intel64 Family 6 Model 69 Stepping 1, GenuineIntel



---------------  S Y S T E M  ---------------

OS:
 Windows 10 , 64 bit Build 19041 (10.0.19041.2546)
OS uptime: 4 days 5:42 hours

CPU: total 4 (initial active 4) (2 cores per cpu, 2 threads per core) family 6 model 69 stepping 1 microcode 0x26, cx8, cmov, fxsr, ht, mmx, sse, sse2, sse3, ssse3, sse4.1, sse4.2, popcnt, lzcnt, tsc, tscinvbit, avx, avx2, aes, erms, clmul, bmi1, bmi2, fma, vzeroupper, clflush

Memory: 4k page, system-wide physical 7609M (605M free)
TotalPageFile size 13753M (AvailPageFile size 31M)
current process WorkingSet (physical memory assigned to process): 10M, peak: 10M
current process commit charge ("private bytes"): 51M, peak: 115M

vm_info: Java HotSpot(TM) 64-Bit Server VM (17.0.6+9-LTS-190) for windows-amd64 JRE (17.0.6+9-LTS-190), built on Dec  6 2022 15:53:54 by "mach5one" with MS VC++ 17.1 (VS2022)

END.
